2015-04-05 16:12:34:1 <info> GLFW 3.1.1 Win32 WGL VisualC
2015-04-05 16:12:34:2 <info> OpenGL 3.3.11672 Compatibility Profile Contexts, GLSL 3.30
2015-04-05 16:12:34:3 <info> Boost 1.57.0
2015-04-05 16:12:34:4 <info> Ocornut's IMGUI 1.38 WIP
2015-04-05 16:12:34:5 <info> FreeImage 3.17.0
2015-04-05 16:12:36:6 <info> Baking Info: Lightmap 1/72 (0%) created
2015-04-05 16:12:36:7 <info> Baking Info: Lightmap 2/72 (1%) created
2015-04-05 16:12:36:8 <info> Baking Info: Lightmap 3/72 (2%) created
2015-04-05 16:12:36:9 <info> Baking Info: Lightmap 4/72 (4%) created
2015-04-05 16:12:36:10 <info> Baking Info: Lightmap 5/72 (5%) created
2015-04-05 16:12:36:11 <info> Baking Info: Lightmap 6/72 (7%) created
2015-04-05 16:12:36:12 <info> Baking Info: Lightmap 7/72 (8%) created
2015-04-05 16:12:36:13 <info> Baking Info: Lightmap 8/72 (9%) created
2015-04-05 16:12:36:14 <info> Baking Info: Lightmap 9/72 (11%) created
2015-04-05 16:12:36:15 <info> Baking Info: Lightmap 10/72 (12%) created
2015-04-05 16:12:36:16 <info> Baking Info: Lightmap 11/72 (14%) created
2015-04-05 16:12:37:17 <info> Baking Info: Lightmap 12/72 (15%) created
2015-04-05 16:12:37:18 <info> Baking Info: Lightmap 13/72 (16%) created
2015-04-05 16:12:37:19 <info> Baking Info: Lightmap 14/72 (18%) created
2015-04-05 16:12:37:20 <info> Baking Info: Lightmap 15/72 (19%) created
2015-04-05 16:12:37:21 <info> Baking Info: Lightmap 16/72 (21%) created
2015-04-05 16:12:37:22 <info> Baking Info: Lightmap 17/72 (22%) created
2015-04-05 16:12:37:23 <info> Baking Info: Lightmap 18/72 (23%) created
2015-04-05 16:12:37:24 <info> Baking Info: Lightmap 19/72 (25%) created
2015-04-05 16:12:37:25 <info> Baking Info: Lightmap 20/72 (26%) created
2015-04-05 16:12:37:26 <info> Baking Info: Lightmap 21/72 (28%) created
2015-04-05 16:12:37:27 <info> Baking Info: Lightmap 22/72 (29%) created
2015-04-05 16:12:37:28 <info> Baking Info: Lightmap 23/72 (30%) created
2015-04-05 16:12:37:29 <info> Baking Info: Lightmap 24/72 (32%) created
2015-04-05 16:12:37:30 <info> Baking Info: Lightmap 25/72 (33%) created
2015-04-05 16:12:37:31 <info> Baking Info: Lightmap 26/72 (35%) created
2015-04-05 16:12:37:32 <info> Baking Info: Lightmap 27/72 (36%) created
2015-04-05 16:12:37:33 <info> Baking Info: Lightmap 28/72 (38%) created
2015-04-05 16:12:37:34 <info> Baking Info: Lightmap 29/72 (39%) created
2015-04-05 16:12:37:35 <info> Baking Info: Lightmap 30/72 (40%) created
2015-04-05 16:12:38:36 <info> Baking Info: Lightmap 31/72 (42%) created
2015-04-05 16:12:38:37 <info> Baking Info: Lightmap 32/72 (43%) created
2015-04-05 16:12:38:38 <info> Baking Info: Lightmap 33/72 (45%) created
2015-04-05 16:12:38:39 <info> Baking Info: Lightmap 34/72 (46%) created
2015-04-05 16:12:38:40 <info> Baking Info: Lightmap 35/72 (47%) created
2015-04-05 16:12:38:41 <info> Baking Info: Lightmap 36/72 (49%) created
2015-04-05 16:12:38:42 <info> Baking Info: Lightmap 37/72 (50%) created
2015-04-05 16:12:38:43 <info> Baking Info: Lightmap 38/72 (52%) created
2015-04-05 16:12:38:44 <info> Baking Info: Lightmap 39/72 (53%) created
2015-04-05 16:12:38:45 <info> Baking Info: Lightmap 40/72 (54%) created
2015-04-05 16:12:38:46 <info> Baking Info: Lightmap 41/72 (56%) created
2015-04-05 16:12:38:47 <info> Baking Info: Lightmap 42/72 (57%) created
2015-04-05 16:12:38:48 <info> Baking Info: Lightmap 43/72 (59%) created
2015-04-05 16:12:38:49 <info> Baking Info: Lightmap 44/72 (60%) created
2015-04-05 16:12:38:50 <info> Baking Info: Lightmap 45/72 (61%) created
2015-04-05 16:12:38:51 <info> Baking Info: Lightmap 46/72 (63%) created
2015-04-05 16:12:38:52 <info> Baking Info: Lightmap 47/72 (64%) created
2015-04-05 16:12:39:53 <info> Baking Info: Lightmap 48/72 (66%) created
2015-04-05 16:12:39:54 <info> Baking Info: Lightmap 49/72 (67%) created
2015-04-05 16:12:39:55 <info> Baking Info: Lightmap 50/72 (69%) created
2015-04-05 16:12:39:56 <info> Baking Info: Lightmap 51/72 (70%) created
2015-04-05 16:12:39:57 <info> Baking Info: Lightmap 52/72 (71%) created
2015-04-05 16:12:39:58 <info> Baking Info: Lightmap 53/72 (73%) created
2015-04-05 16